
[2025-08-22 12:45:05.526547] Email generation call #1
GOOGLE_API_KEY exists: True
genai module exists: True
app.config contains rate limit?: False

[2025-09-14 12:20:33.987863] Email generation call #1
API key in app config: True
Rate limited?: False

[2025-09-14 12:21:34.379626] Email generation call #2
API key in app config: True
Rate limited?: False

[2025-09-14 12:22:55.075294] Email generation call #3
API key in app config: True
Rate limited?: False

[2025-09-14 12:35:07.521779] Email generation call #4
API key in app config: True
Rate limited?: False

[2025-09-14 12:36:44.821244] Email generation call #5
API key in app config: True
Rate limited?: False

[2025-09-14 12:45:41.911810] Email generation call #1
API key in app config: True
Rate limited?: False

[2025-09-14 12:46:11.783148] Email generation call #2
API key in app config: True
Rate limited?: False

[2025-09-14 12:49:45.289999] Email generation call #1
API key in app config: True
Rate limited?: False

[2025-09-14 12:50:26.634684] Email generation call #2
API key in app config: True
Rate limited?: False

[2025-09-14 12:52:32.931270] Email generation call #3
API key in app config: True
Rate limited?: False

[2025-09-14 12:53:29.277550] Email generation call #4
API key in app config: True
Rate limited?: False

[2025-09-14 12:55:22.529491] Email generation call #5
API key in app config: True
Rate limited?: False

[2025-09-15 21:40:40.277081] Email generation call #1
API key in app config: False
Rate limited?: False

[2025-09-15 21:40:42.155938] Email generation call #2
API key in app config: False
Rate limited?: False

[2025-09-15 21:40:43.159646] Email generation call #3
API key in app config: False
Rate limited?: False

[2025-09-15 21:40:44.419147] Email generation call #4
API key in app config: False
Rate limited?: False

[2025-09-15 21:40:45.298444] Email generation call #5
API key in app config: False
Rate limited?: False

[2025-09-17 21:40:26.355452] Email generation call #1
API key in app config: False
Rate limited?: False

[2025-09-17 21:40:31.461920] Email generation call #2
API key in app config: False
Rate limited?: False

[2025-09-17 21:40:32.897076] Email generation call #3
API key in app config: False
Rate limited?: False

[2025-09-17 21:42:19.749748] Email generation call #4
API key in app config: False
Rate limited?: False

[2025-09-17 21:42:21.096116] Email generation call #5
API key in app config: False
Rate limited?: False

[2025-09-17 21:42:21.907391] Email generation call #6
API key in app config: False
Rate limited?: False

[2025-09-17 21:42:22.719398] Email generation call #7
API key in app config: False
Rate limited?: False

[2025-09-17 21:42:23.665541] Email generation call #8
API key in app config: False
Rate limited?: False

[2025-09-17 19:54:16.881593] Email generation call #1
API key in app config: True
Rate limited?: False

[2025-09-17 19:55:06.732422] Email generation call #2
API key in app config: True
Rate limited?: False

[2025-09-17 19:55:21.937462] Email generation call #3
API key in app config: True
Rate limited?: False
