

[2025-08-22 12:26:40.347477] === EXTRACTION ATTEMPT ===
Response type: <class 'google.generativeai.types.generation_types.GenerateContentResponse'>
Method 1 failed: Invalid operation: The `response.text` quick accessor requires the response to contain a valid `Part`, but none were returned. The candidate's [finish_reason](https://ai.google.dev/api/generate-content#finishreason) is 1.
Method 3 failed: list index out of range
Raw string: response:
GenerateContentResponse(
    done=True,
    iterator=None,
    result=protos.GenerateContentResponse({
      "candidates": [
        {
          "content": {
            "role": "model"
          },
          "finish_reason": "STOP",
          "index": 0,
          "safety_ratings": [
            {
              "category": "HARM_CATEGORY_SEXUALLY_EXPLICIT",
              "probability": "NEGLIGIBLE"
            },
            {
              "category": "HARM_CATEGORY_HATE_SPEECH",
   ...(truncated)
Method 6 succeeded: full string representation


[2025-08-22 12:37:16.781186] === EXTRACTION ATTEMPT ===
Response type: <class 'google.generativeai.types.generation_types.GenerateContentResponse'>
Method 1 failed: Invalid operation: The `response.text` quick accessor requires the response to contain a valid `Part`, but none were returned. The candidate's [finish_reason](https://ai.google.dev/api/generate-content#finishreason) is 1.
Method 3 failed: list index out of range
Raw string: response:
GenerateContentResponse(
    done=True,
    iterator=None,
    result=protos.GenerateContentResponse({
      "candidates": [
        {
          "content": {
            "role": "model"
          },
          "finish_reason": "STOP",
          "index": 0,
          "safety_ratings": [
            {
              "category": "HARM_CATEGORY_SEXUALLY_EXPLICIT",
              "probability": "NEGLIGIBLE"
            },
            {
              "category": "HARM_CATEGORY_HATE_SPEECH",
   ...(truncated)
Method 6 succeeded: full string representation


[2025-08-22 12:44:23.467333] === EXTRACTION ATTEMPT ===
Response type: <class 'google.generativeai.types.generation_types.GenerateContentResponse'>
Method 1 failed: Invalid operation: The `response.text` quick accessor requires the response to contain a valid `Part`, but none were returned. The candidate's [finish_reason](https://ai.google.dev/api/generate-content#finishreason) is 1.
Method 3 failed: list index out of range
Raw string: response:
GenerateContentResponse(
    done=True,
    iterator=None,
    result=protos.GenerateContentResponse({
      "candidates": [
        {
          "content": {
            "role": "model"
          },
          "finish_reason": "STOP",
          "index": 0,
          "safety_ratings": [
            {
              "category": "HARM_CATEGORY_SEXUALLY_EXPLICIT",
              "probability": "NEGLIGIBLE"
            },
            {
              "category": "HARM_CATEGORY_HATE_SPEECH",
   ...(truncated)
Method 6 succeeded: full string representation


[2025-08-22 12:45:57.271033] === EXTRACTION ATTEMPT ===
Response type: <class 'google.generativeai.types.generation_types.GenerateContentResponse'>
Method 1 failed: Invalid operation: The `response.text` quick accessor requires the response to contain a valid `Part`, but none were returned. The candidate's [finish_reason](https://ai.google.dev/api/generate-content#finishreason) is 1.
Method 3 failed: list index out of range
Raw string: response:
GenerateContentResponse(
    done=True,
    iterator=None,
    result=protos.GenerateContentResponse({
      "candidates": [
        {
          "content": {
            "role": "model"
          },
          "finish_reason": "STOP",
          "index": 0,
          "safety_ratings": [
            {
              "category": "HARM_CATEGORY_SEXUALLY_EXPLICIT",
              "probability": "NEGLIGIBLE"
            },
            {
              "category": "HARM_CATEGORY_HATE_SPEECH",
   ...(truncated)
Method 6 succeeded: full string representation


[2025-08-22 13:01:43.238104] === EXTRACTION ATTEMPT ===
Response type: <class 'google.generativeai.types.generation_types.GenerateContentResponse'>
Method 1: .text property succeeded
